<?xml version="1.0" encoding="UTF-8"?>
<!-- Generated by org.testng.reporters.JUnitXMLReporter -->
<testsuite ignored="0" hostname="DESKTOP-OEAUDBD" failures="0" tests="4" name="Example Test" time="0.073" errors="0" timestamp="2025-08-07T13:25:10 IST">
  <testcase classname="TestNgBasics9" name="titleTest3" time="0.001"/>
  <testcase classname="TestNgBasics9" name="titleTest2" time="0.001"/>
  <testcase classname="TestNgBasics9" name="titleTest4" time="0.0"/>
  <testcase classname="TestNgBasics9" name="titleTest" time="0.002"/>
</testsuite> <!-- Example Test -->
