<?xml version="1.0" encoding="UTF-8"?>
<testng-results ignored="0" total="1" passed="1" failed="0" skipped="0">
  <reporter-output>
  </reporter-output>
  <suite started-at="2025-08-08T09:36:48 IST" name="Example Suite" finished-at="2025-08-08T09:36:49 IST" duration-ms="1269">
    <groups>
    </groups>
    <test started-at="2025-08-08T09:36:48 IST" name="Example Test" finished-at="2025-08-08T09:36:49 IST" duration-ms="1269">
      <class name="ParameterTest1">
        <test-method is-config="true" signature="abc()[pri:0, instance:ParameterTest1@72f926e6]" started-at="2025-08-08T09:36:40 IST" name="abc" finished-at="2025-08-08T09:36:40 IST" duration-ms="18" status="PASS">
          <reporter-output>
          </reporter-output>
        </test-method> <!-- abc -->
        <test-method is-config="true" signature="setUp()[pri:0, instance:ParameterTest1@72f926e6]" started-at="2025-08-08T09:36:40 IST" name="setUp" finished-at="2025-08-08T09:36:48 IST" duration-ms="8115" status="PASS">
          <reporter-output>
          </reporter-output>
        </test-method> <!-- setUp -->
        <test-method signature="passFirstNameLastNameDate(java.lang.String,java.lang.String,int)[pri:0, instance:ParameterTest1@72f926e6]" started-at="2025-08-08T09:36:48 IST" name="passFirstNameLastNameDate" finished-at="2025-08-08T09:36:49 IST" duration-ms="1114" status="PASS">
          <params>
            <param index="0">
              <value>
                <![CDATA[Prachi]]>
              </value>
            </param>
            <param index="1">
              <value>
                <![CDATA[Mahapatra]]>
              </value>
            </param>
            <param index="2">
              <value>
                <![CDATA[4]]>
              </value>
            </param>
          </params>
          <reporter-output>
          </reporter-output>
        </test-method> <!-- passFirstNameLastNameDate -->
        <test-method is-config="true" signature="tearDown()[pri:0, instance:ParameterTest1@72f926e6]" started-at="2025-08-08T09:36:50 IST" name="tearDown" finished-at="2025-08-08T09:36:50 IST" duration-ms="577" status="PASS">
          <reporter-output>
          </reporter-output>
        </test-method> <!-- tearDown -->
      </class> <!-- ParameterTest1 -->
    </test> <!-- Example Test -->
  </suite> <!-- Example Suite -->
</testng-results>
