<?xml version="1.0" encoding="UTF-8"?>
<testng-results ignored="0" total="4" passed="4" failed="0" skipped="0">
  <reporter-output>
  </reporter-output>
  <suite started-at="2025-08-07T13:25:10 IST" name="Example Suite" finished-at="2025-08-07T13:25:10 IST" duration-ms="73">
    <groups>
      <group name="registration">
        <method signature="TestNgBasics9.titleTest2()[pri:1, instance:TestNgBasics9@636be97c]" name="titleTest2" class="TestNgBasics9"/>
        <method signature="TestNgBasics9.titleTest4()[pri:2, instance:TestNgBasics9@636be97c]" name="titleTest4" class="TestNgBasics9"/>
      </group> <!-- registration -->
      <group name="login">
        <method signature="TestNgBasics9.titleTest3()[pri:0, instance:TestNgBasics9@636be97c]" name="titleTest3" class="TestNgBasics9"/>
        <method signature="TestNgBasics9.titleTest()[pri:3, instance:TestNgBasics9@636be97c]" name="titleTest" class="TestNgBasics9"/>
      </group> <!-- login -->
    </groups>
    <test started-at="2025-08-07T13:25:10 IST" name="Example Test" finished-at="2025-08-07T13:25:10 IST" duration-ms="73">
      <class name="TestNgBasics9">
        <test-method is-config="true" signature="setUp()[pri:0, instance:TestNgBasics9@636be97c]" started-at="2025-08-07T13:25:10 IST" name="setUp" finished-at="2025-08-07T13:25:10 IST" duration-ms="15" status="PASS">
          <reporter-output>
          </reporter-output>
        </test-method> <!-- setUp -->
        <test-method is-config="true" signature="launchBrowser()[pri:0, instance:TestNgBasics9@636be97c]" started-at="2025-08-07T13:25:10 IST" name="launchBrowser" finished-at="2025-08-07T13:25:10 IST" duration-ms="1" status="PASS">
          <reporter-output>
          </reporter-output>
        </test-method> <!-- launchBrowser -->
        <test-method is-config="true" signature="enterUrl()[pri:0, instance:TestNgBasics9@636be97c]" started-at="2025-08-07T13:25:10 IST" name="enterUrl" finished-at="2025-08-07T13:25:10 IST" duration-ms="0" status="PASS">
          <reporter-output>
          </reporter-output>
        </test-method> <!-- enterUrl -->
        <test-method is-config="true" signature="login()[pri:0, instance:TestNgBasics9@636be97c]" started-at="2025-08-07T13:25:10 IST" name="login" finished-at="2025-08-07T13:25:10 IST" duration-ms="1" status="PASS">
          <reporter-output>
          </reporter-output>
        </test-method> <!-- login -->
        <test-method signature="titleTest3()[pri:0, instance:TestNgBasics9@636be97c]" started-at="2025-08-07T13:25:10 IST" name="titleTest3" finished-at="2025-08-07T13:25:10 IST" duration-ms="1" status="PASS">
          <reporter-output>
          </reporter-output>
        </test-method> <!-- titleTest3 -->
        <test-method is-config="true" signature="logout()[pri:0, instance:TestNgBasics9@636be97c]" started-at="2025-08-07T13:25:10 IST" name="logout" finished-at="2025-08-07T13:25:10 IST" duration-ms="1" status="PASS">
          <reporter-output>
          </reporter-output>
        </test-method> <!-- logout -->
        <test-method is-config="true" signature="login()[pri:0, instance:TestNgBasics9@636be97c]" started-at="2025-08-07T13:25:10 IST" name="login" finished-at="2025-08-07T13:25:10 IST" duration-ms="1" status="PASS">
          <reporter-output>
          </reporter-output>
        </test-method> <!-- login -->
        <test-method signature="titleTest2()[pri:1, instance:TestNgBasics9@636be97c]" started-at="2025-08-07T13:25:10 IST" name="titleTest2" finished-at="2025-08-07T13:25:10 IST" duration-ms="1" status="PASS">
          <reporter-output>
          </reporter-output>
        </test-method> <!-- titleTest2 -->
        <test-method is-config="true" signature="logout()[pri:0, instance:TestNgBasics9@636be97c]" started-at="2025-08-07T13:25:10 IST" name="logout" finished-at="2025-08-07T13:25:10 IST" duration-ms="1" status="PASS">
          <reporter-output>
          </reporter-output>
        </test-method> <!-- logout -->
        <test-method is-config="true" signature="login()[pri:0, instance:TestNgBasics9@636be97c]" started-at="2025-08-07T13:25:10 IST" name="login" finished-at="2025-08-07T13:25:10 IST" duration-ms="0" status="PASS">
          <reporter-output>
          </reporter-output>
        </test-method> <!-- login -->
        <test-method signature="titleTest4()[pri:2, instance:TestNgBasics9@636be97c]" started-at="2025-08-07T13:25:10 IST" name="titleTest4" finished-at="2025-08-07T13:25:10 IST" duration-ms="0" status="PASS">
          <reporter-output>
          </reporter-output>
        </test-method> <!-- titleTest4 -->
        <test-method is-config="true" signature="logout()[pri:0, instance:TestNgBasics9@636be97c]" started-at="2025-08-07T13:25:10 IST" name="logout" finished-at="2025-08-07T13:25:10 IST" duration-ms="0" status="PASS">
          <reporter-output>
          </reporter-output>
        </test-method> <!-- logout -->
        <test-method signature="titleTest()[pri:3, instance:TestNgBasics9@636be97c]" started-at="2025-08-07T13:25:10 IST" name="titleTest" finished-at="2025-08-07T13:25:10 IST" duration-ms="2" status="PASS">
          <reporter-output>
          </reporter-output>
        </test-method> <!-- titleTest -->
        <test-method is-config="true" signature="login()[pri:0, instance:TestNgBasics9@636be97c]" started-at="2025-08-07T13:25:10 IST" name="login" finished-at="2025-08-07T13:25:10 IST" duration-ms="0" status="PASS">
          <reporter-output>
          </reporter-output>
        </test-method> <!-- login -->
        <test-method is-config="true" signature="logout()[pri:0, instance:TestNgBasics9@636be97c]" started-at="2025-08-07T13:25:10 IST" name="logout" finished-at="2025-08-07T13:25:10 IST" duration-ms="1" status="PASS">
          <reporter-output>
          </reporter-output>
        </test-method> <!-- logout -->
        <test-method is-config="true" signature="deleteAllCookies()[pri:0, instance:TestNgBasics9@636be97c]" started-at="2025-08-07T13:25:10 IST" name="deleteAllCookies" finished-at="2025-08-07T13:25:10 IST" duration-ms="1" status="PASS">
          <reporter-output>
          </reporter-output>
        </test-method> <!-- deleteAllCookies -->
        <test-method is-config="true" signature="closeBrowser()[pri:0, instance:TestNgBasics9@636be97c]" started-at="2025-08-07T13:25:10 IST" name="closeBrowser" finished-at="2025-08-07T13:25:10 IST" duration-ms="1" status="PASS">
          <reporter-output>
          </reporter-output>
        </test-method> <!-- closeBrowser -->
        <test-method is-config="true" signature="generateReport()[pri:0, instance:TestNgBasics9@636be97c]" started-at="2025-08-07T13:25:10 IST" name="generateReport" finished-at="2025-08-07T13:25:10 IST" duration-ms="1" status="PASS">
          <reporter-output>
          </reporter-output>
        </test-method> <!-- generateReport -->
      </class> <!-- TestNgBasics9 -->
    </test> <!-- Example Test -->
  </suite> <!-- Example Suite -->
</testng-results>
